<?xml version="1.0" encoding="UTF-8"?>
<!-- Generated by org.testng.reporters.JUnitReportReporter -->
<testsuite name="TestCases.TC_001_open_google" tests="1" time="11.245" ignored="1" failures="0" timestamp="25 Feb 2021 15:30:58 GMT" skipped="0" hostname="DESKTOP-8HJ3DPD" errors="0">
  <testcase name="open_Google_search" time="11.245" classname="TestCases.TC_001_open_google"/>
  <testcase name="Select_Gmail" classname="TestCases.TC_001_open_google">
    <skipped/>
  </testcase> <!-- Select_Gmail -->
</testsuite> <!-- TestCases.TC_001_open_google -->
