<?xml version="1.0" encoding="UTF-8"?>
<!-- Generated by org.testng.reporters.JUnitReportReporter -->
<testsuite name="TestCases.TC_002_contact_us" tests="1" time="80.832" ignored="0" failures="0" timestamp="26 Feb 2021 10:44:45 GMT" skipped="0" hostname="DESKTOP-8HJ3DPD" errors="0">
  <testcase name="Verify_login" time="80.832" classname="TestCases.TC_002_contact_us"/>
</testsuite> <!-- TestCases.TC_002_contact_us -->
