<?xml version="1.0" encoding="UTF-8"?>
<!-- Generated by org.testng.reporters.JUnitReportReporter -->
<testsuite name="TestCases.TC_002_Gmail_Login" tests="1" time="8.424" ignored="0" failures="0" timestamp="23 Feb 2021 09:23:13 GMT" skipped="0" hostname="DESKTOP-8HJ3DPD" errors="0">
  <testcase name="Verify_login" time="8.424" classname="TestCases.TC_002_Gmail_Login"/>
</testsuite> <!-- TestCases.TC_002_Gmail_Login -->
