<?xml version="1.0" encoding="UTF-8"?>
<!-- Generated by org.testng.reporters.JUnitReportReporter -->
<testsuite name="TestCases.TC_001_Links" tests="1" time="57.360" ignored="0" failures="0" timestamp="26 Feb 2021 10:44:45 GMT" skipped="0" hostname="DESKTOP-8HJ3DPD" errors="0">
  <testcase name="Top_links" time="57.360" classname="TestCases.TC_001_Links"/>
</testsuite> <!-- TestCases.TC_001_Links -->
